#! /c/iverilog/bin/vvp
:ivl_version "0.9.7 " "(v0_9_7)";
:vpi_time_precision - 12;
:vpi_module "system";
:vpi_module "v2005_math";
:vpi_module "va_math";
S_012D7B70 .scope module, "tb_pc_imem" "tb_pc_imem" 2 3;
 .timescale -9 -12;
v012DCFA0_0 .var "branch_taken", 0 0;
v012DCFF8_0 .var "branch_target", 31 0;
v01129D58_0 .var "clk", 0 0;
v01129DB0_0 .net "instruction", 31 0, v01126CC8_0; 1 drivers
v01129E08_0 .var "jal", 0 0;
v011758B0_0 .var "jal_target", 31 0;
v01175CD0_0 .var "jalr", 0 0;
v01175960_0 .var "jalr_target", 31 0;
v011759B8_0 .net "pc", 31 0, v01133388_0; 1 drivers
v01175A10_0 .var "reset", 0 0;
E_012D9130 .event posedge, v01126DE0_0;
S_012D7C80 .scope module, "uut_pc" "programcounter" 2 16, 3 1, S_012D7B70;
 .timescale -9 -12;
v012DB8D8_0 .net "branch_taken", 0 0, v012DCFA0_0; 1 drivers
v01126D88_0 .net "branch_target", 31 0, v012DCFF8_0; 1 drivers
v01126DE0_0 .net "clk", 0 0, v01129D58_0; 1 drivers
v012D31F0_0 .net "jal", 0 0, v01129E08_0; 1 drivers
v012D3248_0 .net "jal_target", 31 0, v011758B0_0; 1 drivers
v012D32A0_0 .net "jalr", 0 0, v01175CD0_0; 1 drivers
v01133330_0 .net "jalr_target", 31 0, v01175960_0; 1 drivers
v01133388_0 .var "pc", 31 0;
v011333E0_0 .var "pc_next", 31 0;
v012DCF48_0 .net "reset", 0 0, v01175A10_0; 1 drivers
E_012D8ED0 .event posedge, v012DCF48_0, v01126DE0_0;
E_012D91B0/0 .event edge, v012D32A0_0, v01133330_0, v012D31F0_0, v012D3248_0;
E_012D91B0/1 .event edge, v012DB8D8_0, v01126D88_0, v012DB880_0;
E_012D91B0 .event/or E_012D91B0/0, E_012D91B0/1;
S_012D82E0 .scope module, "uut_imem" "instr_mem" 2 29, 4 1, S_012D7B70;
 .timescale -9 -12;
v01126CC8_0 .var "instruction", 31 0;
v012DA478 .array "memory", 1023 0, 31 0;
v012DB880_0 .alias "pc", 31 0, v011759B8_0;
v012DA478_0 .array/port v012DA478, 0;
v012DA478_1 .array/port v012DA478, 1;
v012DA478_2 .array/port v012DA478, 2;
E_012D91F0/0 .event edge, v012DB880_0, v012DA478_0, v012DA478_1, v012DA478_2;
v012DA478_3 .array/port v012DA478, 3;
v012DA478_4 .array/port v012DA478, 4;
v012DA478_5 .array/port v012DA478, 5;
v012DA478_6 .array/port v012DA478, 6;
E_012D91F0/1 .event edge, v012DA478_3, v012DA478_4, v012DA478_5, v012DA478_6;
v012DA478_7 .array/port v012DA478, 7;
v012DA478_8 .array/port v012DA478, 8;
v012DA478_9 .array/port v012DA478, 9;
v012DA478_10 .array/port v012DA478, 10;
E_012D91F0/2 .event edge, v012DA478_7, v012DA478_8, v012DA478_9, v012DA478_10;
v012DA478_11 .array/port v012DA478, 11;
v012DA478_12 .array/port v012DA478, 12;
v012DA478_13 .array/port v012DA478, 13;
v012DA478_14 .array/port v012DA478, 14;
E_012D91F0/3 .event edge, v012DA478_11, v012DA478_12, v012DA478_13, v012DA478_14;
v012DA478_15 .array/port v012DA478, 15;
v012DA478_16 .array/port v012DA478, 16;
v012DA478_17 .array/port v012DA478, 17;
v012DA478_18 .array/port v012DA478, 18;
E_012D91F0/4 .event edge, v012DA478_15, v012DA478_16, v012DA478_17, v012DA478_18;
v012DA478_19 .array/port v012DA478, 19;
v012DA478_20 .array/port v012DA478, 20;
v012DA478_21 .array/port v012DA478, 21;
v012DA478_22 .array/port v012DA478, 22;
E_012D91F0/5 .event edge, v012DA478_19, v012DA478_20, v012DA478_21, v012DA478_22;
v012DA478_23 .array/port v012DA478, 23;
v012DA478_24 .array/port v012DA478, 24;
v012DA478_25 .array/port v012DA478, 25;
v012DA478_26 .array/port v012DA478, 26;
E_012D91F0/6 .event edge, v012DA478_23, v012DA478_24, v012DA478_25, v012DA478_26;
v012DA478_27 .array/port v012DA478, 27;
v012DA478_28 .array/port v012DA478, 28;
v012DA478_29 .array/port v012DA478, 29;
v012DA478_30 .array/port v012DA478, 30;
E_012D91F0/7 .event edge, v012DA478_27, v012DA478_28, v012DA478_29, v012DA478_30;
v012DA478_31 .array/port v012DA478, 31;
v012DA478_32 .array/port v012DA478, 32;
v012DA478_33 .array/port v012DA478, 33;
v012DA478_34 .array/port v012DA478, 34;
E_012D91F0/8 .event edge, v012DA478_31, v012DA478_32, v012DA478_33, v012DA478_34;
v012DA478_35 .array/port v012DA478, 35;
v012DA478_36 .array/port v012DA478, 36;
v012DA478_37 .array/port v012DA478, 37;
v012DA478_38 .array/port v012DA478, 38;
E_012D91F0/9 .event edge, v012DA478_35, v012DA478_36, v012DA478_37, v012DA478_38;
v012DA478_39 .array/port v012DA478, 39;
v012DA478_40 .array/port v012DA478, 40;
v012DA478_41 .array/port v012DA478, 41;
v012DA478_42 .array/port v012DA478, 42;
E_012D91F0/10 .event edge, v012DA478_39, v012DA478_40, v012DA478_41, v012DA478_42;
v012DA478_43 .array/port v012DA478, 43;
v012DA478_44 .array/port v012DA478, 44;
v012DA478_45 .array/port v012DA478, 45;
v012DA478_46 .array/port v012DA478, 46;
E_012D91F0/11 .event edge, v012DA478_43, v012DA478_44, v012DA478_45, v012DA478_46;
v012DA478_47 .array/port v012DA478, 47;
v012DA478_48 .array/port v012DA478, 48;
v012DA478_49 .array/port v012DA478, 49;
v012DA478_50 .array/port v012DA478, 50;
E_012D91F0/12 .event edge, v012DA478_47, v012DA478_48, v012DA478_49, v012DA478_50;
v012DA478_51 .array/port v012DA478, 51;
v012DA478_52 .array/port v012DA478, 52;
v012DA478_53 .array/port v012DA478, 53;
v012DA478_54 .array/port v012DA478, 54;
E_012D91F0/13 .event edge, v012DA478_51, v012DA478_52, v012DA478_53, v012DA478_54;
v012DA478_55 .array/port v012DA478, 55;
v012DA478_56 .array/port v012DA478, 56;
v012DA478_57 .array/port v012DA478, 57;
v012DA478_58 .array/port v012DA478, 58;
E_012D91F0/14 .event edge, v012DA478_55, v012DA478_56, v012DA478_57, v012DA478_58;
v012DA478_59 .array/port v012DA478, 59;
v012DA478_60 .array/port v012DA478, 60;
v012DA478_61 .array/port v012DA478, 61;
v012DA478_62 .array/port v012DA478, 62;
E_012D91F0/15 .event edge, v012DA478_59, v012DA478_60, v012DA478_61, v012DA478_62;
v012DA478_63 .array/port v012DA478, 63;
v012DA478_64 .array/port v012DA478, 64;
v012DA478_65 .array/port v012DA478, 65;
v012DA478_66 .array/port v012DA478, 66;
E_012D91F0/16 .event edge, v012DA478_63, v012DA478_64, v012DA478_65, v012DA478_66;
v012DA478_67 .array/port v012DA478, 67;
v012DA478_68 .array/port v012DA478, 68;
v012DA478_69 .array/port v012DA478, 69;
v012DA478_70 .array/port v012DA478, 70;
E_012D91F0/17 .event edge, v012DA478_67, v012DA478_68, v012DA478_69, v012DA478_70;
v012DA478_71 .array/port v012DA478, 71;
v012DA478_72 .array/port v012DA478, 72;
v012DA478_73 .array/port v012DA478, 73;
v012DA478_74 .array/port v012DA478, 74;
E_012D91F0/18 .event edge, v012DA478_71, v012DA478_72, v012DA478_73, v012DA478_74;
v012DA478_75 .array/port v012DA478, 75;
v012DA478_76 .array/port v012DA478, 76;
v012DA478_77 .array/port v012DA478, 77;
v012DA478_78 .array/port v012DA478, 78;
E_012D91F0/19 .event edge, v012DA478_75, v012DA478_76, v012DA478_77, v012DA478_78;
v012DA478_79 .array/port v012DA478, 79;
v012DA478_80 .array/port v012DA478, 80;
v012DA478_81 .array/port v012DA478, 81;
v012DA478_82 .array/port v012DA478, 82;
E_012D91F0/20 .event edge, v012DA478_79, v012DA478_80, v012DA478_81, v012DA478_82;
v012DA478_83 .array/port v012DA478, 83;
v012DA478_84 .array/port v012DA478, 84;
v012DA478_85 .array/port v012DA478, 85;
v012DA478_86 .array/port v012DA478, 86;
E_012D91F0/21 .event edge, v012DA478_83, v012DA478_84, v012DA478_85, v012DA478_86;
v012DA478_87 .array/port v012DA478, 87;
v012DA478_88 .array/port v012DA478, 88;
v012DA478_89 .array/port v012DA478, 89;
v012DA478_90 .array/port v012DA478, 90;
E_012D91F0/22 .event edge, v012DA478_87, v012DA478_88, v012DA478_89, v012DA478_90;
v012DA478_91 .array/port v012DA478, 91;
v012DA478_92 .array/port v012DA478, 92;
v012DA478_93 .array/port v012DA478, 93;
v012DA478_94 .array/port v012DA478, 94;
E_012D91F0/23 .event edge, v012DA478_91, v012DA478_92, v012DA478_93, v012DA478_94;
v012DA478_95 .array/port v012DA478, 95;
v012DA478_96 .array/port v012DA478, 96;
v012DA478_97 .array/port v012DA478, 97;
v012DA478_98 .array/port v012DA478, 98;
E_012D91F0/24 .event edge, v012DA478_95, v012DA478_96, v012DA478_97, v012DA478_98;
v012DA478_99 .array/port v012DA478, 99;
v012DA478_100 .array/port v012DA478, 100;
v012DA478_101 .array/port v012DA478, 101;
v012DA478_102 .array/port v012DA478, 102;
E_012D91F0/25 .event edge, v012DA478_99, v012DA478_100, v012DA478_101, v012DA478_102;
v012DA478_103 .array/port v012DA478, 103;
v012DA478_104 .array/port v012DA478, 104;
v012DA478_105 .array/port v012DA478, 105;
v012DA478_106 .array/port v012DA478, 106;
E_012D91F0/26 .event edge, v012DA478_103, v012DA478_104, v012DA478_105, v012DA478_106;
v012DA478_107 .array/port v012DA478, 107;
v012DA478_108 .array/port v012DA478, 108;
v012DA478_109 .array/port v012DA478, 109;
v012DA478_110 .array/port v012DA478, 110;
E_012D91F0/27 .event edge, v012DA478_107, v012DA478_108, v012DA478_109, v012DA478_110;
v012DA478_111 .array/port v012DA478, 111;
v012DA478_112 .array/port v012DA478, 112;
v012DA478_113 .array/port v012DA478, 113;
v012DA478_114 .array/port v012DA478, 114;
E_012D91F0/28 .event edge, v012DA478_111, v012DA478_112, v012DA478_113, v012DA478_114;
v012DA478_115 .array/port v012DA478, 115;
v012DA478_116 .array/port v012DA478, 116;
v012DA478_117 .array/port v012DA478, 117;
v012DA478_118 .array/port v012DA478, 118;
E_012D91F0/29 .event edge, v012DA478_115, v012DA478_116, v012DA478_117, v012DA478_118;
v012DA478_119 .array/port v012DA478, 119;
v012DA478_120 .array/port v012DA478, 120;
v012DA478_121 .array/port v012DA478, 121;
v012DA478_122 .array/port v012DA478, 122;
E_012D91F0/30 .event edge, v012DA478_119, v012DA478_120, v012DA478_121, v012DA478_122;
v012DA478_123 .array/port v012DA478, 123;
v012DA478_124 .array/port v012DA478, 124;
v012DA478_125 .array/port v012DA478, 125;
v012DA478_126 .array/port v012DA478, 126;
E_012D91F0/31 .event edge, v012DA478_123, v012DA478_124, v012DA478_125, v012DA478_126;
v012DA478_127 .array/port v012DA478, 127;
v012DA478_128 .array/port v012DA478, 128;
v012DA478_129 .array/port v012DA478, 129;
v012DA478_130 .array/port v012DA478, 130;
E_012D91F0/32 .event edge, v012DA478_127, v012DA478_128, v012DA478_129, v012DA478_130;
v012DA478_131 .array/port v012DA478, 131;
v012DA478_132 .array/port v012DA478, 132;
v012DA478_133 .array/port v012DA478, 133;
v012DA478_134 .array/port v012DA478, 134;
E_012D91F0/33 .event edge, v012DA478_131, v012DA478_132, v012DA478_133, v012DA478_134;
v012DA478_135 .array/port v012DA478, 135;
v012DA478_136 .array/port v012DA478, 136;
v012DA478_137 .array/port v012DA478, 137;
v012DA478_138 .array/port v012DA478, 138;
E_012D91F0/34 .event edge, v012DA478_135, v012DA478_136, v012DA478_137, v012DA478_138;
v012DA478_139 .array/port v012DA478, 139;
v012DA478_140 .array/port v012DA478, 140;
v012DA478_141 .array/port v012DA478, 141;
v012DA478_142 .array/port v012DA478, 142;
E_012D91F0/35 .event edge, v012DA478_139, v012DA478_140, v012DA478_141, v012DA478_142;
v012DA478_143 .array/port v012DA478, 143;
v012DA478_144 .array/port v012DA478, 144;
v012DA478_145 .array/port v012DA478, 145;
v012DA478_146 .array/port v012DA478, 146;
E_012D91F0/36 .event edge, v012DA478_143, v012DA478_144, v012DA478_145, v012DA478_146;
v012DA478_147 .array/port v012DA478, 147;
v012DA478_148 .array/port v012DA478, 148;
v012DA478_149 .array/port v012DA478, 149;
v012DA478_150 .array/port v012DA478, 150;
E_012D91F0/37 .event edge, v012DA478_147, v012DA478_148, v012DA478_149, v012DA478_150;
v012DA478_151 .array/port v012DA478, 151;
v012DA478_152 .array/port v012DA478, 152;
v012DA478_153 .array/port v012DA478, 153;
v012DA478_154 .array/port v012DA478, 154;
E_012D91F0/38 .event edge, v012DA478_151, v012DA478_152, v012DA478_153, v012DA478_154;
v012DA478_155 .array/port v012DA478, 155;
v012DA478_156 .array/port v012DA478, 156;
v012DA478_157 .array/port v012DA478, 157;
v012DA478_158 .array/port v012DA478, 158;
E_012D91F0/39 .event edge, v012DA478_155, v012DA478_156, v012DA478_157, v012DA478_158;
v012DA478_159 .array/port v012DA478, 159;
v012DA478_160 .array/port v012DA478, 160;
v012DA478_161 .array/port v012DA478, 161;
v012DA478_162 .array/port v012DA478, 162;
E_012D91F0/40 .event edge, v012DA478_159, v012DA478_160, v012DA478_161, v012DA478_162;
v012DA478_163 .array/port v012DA478, 163;
v012DA478_164 .array/port v012DA478, 164;
v012DA478_165 .array/port v012DA478, 165;
v012DA478_166 .array/port v012DA478, 166;
E_012D91F0/41 .event edge, v012DA478_163, v012DA478_164, v012DA478_165, v012DA478_166;
v012DA478_167 .array/port v012DA478, 167;
v012DA478_168 .array/port v012DA478, 168;
v012DA478_169 .array/port v012DA478, 169;
v012DA478_170 .array/port v012DA478, 170;
E_012D91F0/42 .event edge, v012DA478_167, v012DA478_168, v012DA478_169, v012DA478_170;
v012DA478_171 .array/port v012DA478, 171;
v012DA478_172 .array/port v012DA478, 172;
v012DA478_173 .array/port v012DA478, 173;
v012DA478_174 .array/port v012DA478, 174;
E_012D91F0/43 .event edge, v012DA478_171, v012DA478_172, v012DA478_173, v012DA478_174;
v012DA478_175 .array/port v012DA478, 175;
v012DA478_176 .array/port v012DA478, 176;
v012DA478_177 .array/port v012DA478, 177;
v012DA478_178 .array/port v012DA478, 178;
E_012D91F0/44 .event edge, v012DA478_175, v012DA478_176, v012DA478_177, v012DA478_178;
v012DA478_179 .array/port v012DA478, 179;
v012DA478_180 .array/port v012DA478, 180;
v012DA478_181 .array/port v012DA478, 181;
v012DA478_182 .array/port v012DA478, 182;
E_012D91F0/45 .event edge, v012DA478_179, v012DA478_180, v012DA478_181, v012DA478_182;
v012DA478_183 .array/port v012DA478, 183;
v012DA478_184 .array/port v012DA478, 184;
v012DA478_185 .array/port v012DA478, 185;
v012DA478_186 .array/port v012DA478, 186;
E_012D91F0/46 .event edge, v012DA478_183, v012DA478_184, v012DA478_185, v012DA478_186;
v012DA478_187 .array/port v012DA478, 187;
v012DA478_188 .array/port v012DA478, 188;
v012DA478_189 .array/port v012DA478, 189;
v012DA478_190 .array/port v012DA478, 190;
E_012D91F0/47 .event edge, v012DA478_187, v012DA478_188, v012DA478_189, v012DA478_190;
v012DA478_191 .array/port v012DA478, 191;
v012DA478_192 .array/port v012DA478, 192;
v012DA478_193 .array/port v012DA478, 193;
v012DA478_194 .array/port v012DA478, 194;
E_012D91F0/48 .event edge, v012DA478_191, v012DA478_192, v012DA478_193, v012DA478_194;
v012DA478_195 .array/port v012DA478, 195;
v012DA478_196 .array/port v012DA478, 196;
v012DA478_197 .array/port v012DA478, 197;
v012DA478_198 .array/port v012DA478, 198;
E_012D91F0/49 .event edge, v012DA478_195, v012DA478_196, v012DA478_197, v012DA478_198;
v012DA478_199 .array/port v012DA478, 199;
v012DA478_200 .array/port v012DA478, 200;
v012DA478_201 .array/port v012DA478, 201;
v012DA478_202 .array/port v012DA478, 202;
E_012D91F0/50 .event edge, v012DA478_199, v012DA478_200, v012DA478_201, v012DA478_202;
v012DA478_203 .array/port v012DA478, 203;
v012DA478_204 .array/port v012DA478, 204;
v012DA478_205 .array/port v012DA478, 205;
v012DA478_206 .array/port v012DA478, 206;
E_012D91F0/51 .event edge, v012DA478_203, v012DA478_204, v012DA478_205, v012DA478_206;
v012DA478_207 .array/port v012DA478, 207;
v012DA478_208 .array/port v012DA478, 208;
v012DA478_209 .array/port v012DA478, 209;
v012DA478_210 .array/port v012DA478, 210;
E_012D91F0/52 .event edge, v012DA478_207, v012DA478_208, v012DA478_209, v012DA478_210;
v012DA478_211 .array/port v012DA478, 211;
v012DA478_212 .array/port v012DA478, 212;
v012DA478_213 .array/port v012DA478, 213;
v012DA478_214 .array/port v012DA478, 214;
E_012D91F0/53 .event edge, v012DA478_211, v012DA478_212, v012DA478_213, v012DA478_214;
v012DA478_215 .array/port v012DA478, 215;
v012DA478_216 .array/port v012DA478, 216;
v012DA478_217 .array/port v012DA478, 217;
v012DA478_218 .array/port v012DA478, 218;
E_012D91F0/54 .event edge, v012DA478_215, v012DA478_216, v012DA478_217, v012DA478_218;
v012DA478_219 .array/port v012DA478, 219;
v012DA478_220 .array/port v012DA478, 220;
v012DA478_221 .array/port v012DA478, 221;
v012DA478_222 .array/port v012DA478, 222;
E_012D91F0/55 .event edge, v012DA478_219, v012DA478_220, v012DA478_221, v012DA478_222;
v012DA478_223 .array/port v012DA478, 223;
v012DA478_224 .array/port v012DA478, 224;
v012DA478_225 .array/port v012DA478, 225;
v012DA478_226 .array/port v012DA478, 226;
E_012D91F0/56 .event edge, v012DA478_223, v012DA478_224, v012DA478_225, v012DA478_226;
v012DA478_227 .array/port v012DA478, 227;
v012DA478_228 .array/port v012DA478, 228;
v012DA478_229 .array/port v012DA478, 229;
v012DA478_230 .array/port v012DA478, 230;
E_012D91F0/57 .event edge, v012DA478_227, v012DA478_228, v012DA478_229, v012DA478_230;
v012DA478_231 .array/port v012DA478, 231;
v012DA478_232 .array/port v012DA478, 232;
v012DA478_233 .array/port v012DA478, 233;
v012DA478_234 .array/port v012DA478, 234;
E_012D91F0/58 .event edge, v012DA478_231, v012DA478_232, v012DA478_233, v012DA478_234;
v012DA478_235 .array/port v012DA478, 235;
v012DA478_236 .array/port v012DA478, 236;
v012DA478_237 .array/port v012DA478, 237;
v012DA478_238 .array/port v012DA478, 238;
E_012D91F0/59 .event edge, v012DA478_235, v012DA478_236, v012DA478_237, v012DA478_238;
v012DA478_239 .array/port v012DA478, 239;
v012DA478_240 .array/port v012DA478, 240;
v012DA478_241 .array/port v012DA478, 241;
v012DA478_242 .array/port v012DA478, 242;
E_012D91F0/60 .event edge, v012DA478_239, v012DA478_240, v012DA478_241, v012DA478_242;
v012DA478_243 .array/port v012DA478, 243;
v012DA478_244 .array/port v012DA478, 244;
v012DA478_245 .array/port v012DA478, 245;
v012DA478_246 .array/port v012DA478, 246;
E_012D91F0/61 .event edge, v012DA478_243, v012DA478_244, v012DA478_245, v012DA478_246;
v012DA478_247 .array/port v012DA478, 247;
v012DA478_248 .array/port v012DA478, 248;
v012DA478_249 .array/port v012DA478, 249;
v012DA478_250 .array/port v012DA478, 250;
E_012D91F0/62 .event edge, v012DA478_247, v012DA478_248, v012DA478_249, v012DA478_250;
v012DA478_251 .array/port v012DA478, 251;
v012DA478_252 .array/port v012DA478, 252;
v012DA478_253 .array/port v012DA478, 253;
v012DA478_254 .array/port v012DA478, 254;
E_012D91F0/63 .event edge, v012DA478_251, v012DA478_252, v012DA478_253, v012DA478_254;
v012DA478_255 .array/port v012DA478, 255;
v012DA478_256 .array/port v012DA478, 256;
v012DA478_257 .array/port v012DA478, 257;
v012DA478_258 .array/port v012DA478, 258;
E_012D91F0/64 .event edge, v012DA478_255, v012DA478_256, v012DA478_257, v012DA478_258;
v012DA478_259 .array/port v012DA478, 259;
v012DA478_260 .array/port v012DA478, 260;
v012DA478_261 .array/port v012DA478, 261;
v012DA478_262 .array/port v012DA478, 262;
E_012D91F0/65 .event edge, v012DA478_259, v012DA478_260, v012DA478_261, v012DA478_262;
v012DA478_263 .array/port v012DA478, 263;
v012DA478_264 .array/port v012DA478, 264;
v012DA478_265 .array/port v012DA478, 265;
v012DA478_266 .array/port v012DA478, 266;
E_012D91F0/66 .event edge, v012DA478_263, v012DA478_264, v012DA478_265, v012DA478_266;
v012DA478_267 .array/port v012DA478, 267;
v012DA478_268 .array/port v012DA478, 268;
v012DA478_269 .array/port v012DA478, 269;
v012DA478_270 .array/port v012DA478, 270;
E_012D91F0/67 .event edge, v012DA478_267, v012DA478_268, v012DA478_269, v012DA478_270;
v012DA478_271 .array/port v012DA478, 271;
v012DA478_272 .array/port v012DA478, 272;
v012DA478_273 .array/port v012DA478, 273;
v012DA478_274 .array/port v012DA478, 274;
E_012D91F0/68 .event edge, v012DA478_271, v012DA478_272, v012DA478_273, v012DA478_274;
v012DA478_275 .array/port v012DA478, 275;
v012DA478_276 .array/port v012DA478, 276;
v012DA478_277 .array/port v012DA478, 277;
v012DA478_278 .array/port v012DA478, 278;
E_012D91F0/69 .event edge, v012DA478_275, v012DA478_276, v012DA478_277, v012DA478_278;
v012DA478_279 .array/port v012DA478, 279;
v012DA478_280 .array/port v012DA478, 280;
v012DA478_281 .array/port v012DA478, 281;
v012DA478_282 .array/port v012DA478, 282;
E_012D91F0/70 .event edge, v012DA478_279, v012DA478_280, v012DA478_281, v012DA478_282;
v012DA478_283 .array/port v012DA478, 283;
v012DA478_284 .array/port v012DA478, 284;
v012DA478_285 .array/port v012DA478, 285;
v012DA478_286 .array/port v012DA478, 286;
E_012D91F0/71 .event edge, v012DA478_283, v012DA478_284, v012DA478_285, v012DA478_286;
v012DA478_287 .array/port v012DA478, 287;
v012DA478_288 .array/port v012DA478, 288;
v012DA478_289 .array/port v012DA478, 289;
v012DA478_290 .array/port v012DA478, 290;
E_012D91F0/72 .event edge, v012DA478_287, v012DA478_288, v012DA478_289, v012DA478_290;
v012DA478_291 .array/port v012DA478, 291;
v012DA478_292 .array/port v012DA478, 292;
v012DA478_293 .array/port v012DA478, 293;
v012DA478_294 .array/port v012DA478, 294;
E_012D91F0/73 .event edge, v012DA478_291, v012DA478_292, v012DA478_293, v012DA478_294;
v012DA478_295 .array/port v012DA478, 295;
v012DA478_296 .array/port v012DA478, 296;
v012DA478_297 .array/port v012DA478, 297;
v012DA478_298 .array/port v012DA478, 298;
E_012D91F0/74 .event edge, v012DA478_295, v012DA478_296, v012DA478_297, v012DA478_298;
v012DA478_299 .array/port v012DA478, 299;
v012DA478_300 .array/port v012DA478, 300;
v012DA478_301 .array/port v012DA478, 301;
v012DA478_302 .array/port v012DA478, 302;
E_012D91F0/75 .event edge, v012DA478_299, v012DA478_300, v012DA478_301, v012DA478_302;
v012DA478_303 .array/port v012DA478, 303;
v012DA478_304 .array/port v012DA478, 304;
v012DA478_305 .array/port v012DA478, 305;
v012DA478_306 .array/port v012DA478, 306;
E_012D91F0/76 .event edge, v012DA478_303, v012DA478_304, v012DA478_305, v012DA478_306;
v012DA478_307 .array/port v012DA478, 307;
v012DA478_308 .array/port v012DA478, 308;
v012DA478_309 .array/port v012DA478, 309;
v012DA478_310 .array/port v012DA478, 310;
E_012D91F0/77 .event edge, v012DA478_307, v012DA478_308, v012DA478_309, v012DA478_310;
v012DA478_311 .array/port v012DA478, 311;
v012DA478_312 .array/port v012DA478, 312;
v012DA478_313 .array/port v012DA478, 313;
v012DA478_314 .array/port v012DA478, 314;
E_012D91F0/78 .event edge, v012DA478_311, v012DA478_312, v012DA478_313, v012DA478_314;
v012DA478_315 .array/port v012DA478, 315;
v012DA478_316 .array/port v012DA478, 316;
v012DA478_317 .array/port v012DA478, 317;
v012DA478_318 .array/port v012DA478, 318;
E_012D91F0/79 .event edge, v012DA478_315, v012DA478_316, v012DA478_317, v012DA478_318;
v012DA478_319 .array/port v012DA478, 319;
v012DA478_320 .array/port v012DA478, 320;
v012DA478_321 .array/port v012DA478, 321;
v012DA478_322 .array/port v012DA478, 322;
E_012D91F0/80 .event edge, v012DA478_319, v012DA478_320, v012DA478_321, v012DA478_322;
v012DA478_323 .array/port v012DA478, 323;
v012DA478_324 .array/port v012DA478, 324;
v012DA478_325 .array/port v012DA478, 325;
v012DA478_326 .array/port v012DA478, 326;
E_012D91F0/81 .event edge, v012DA478_323, v012DA478_324, v012DA478_325, v012DA478_326;
v012DA478_327 .array/port v012DA478, 327;
v012DA478_328 .array/port v012DA478, 328;
v012DA478_329 .array/port v012DA478, 329;
v012DA478_330 .array/port v012DA478, 330;
E_012D91F0/82 .event edge, v012DA478_327, v012DA478_328, v012DA478_329, v012DA478_330;
v012DA478_331 .array/port v012DA478, 331;
v012DA478_332 .array/port v012DA478, 332;
v012DA478_333 .array/port v012DA478, 333;
v012DA478_334 .array/port v012DA478, 334;
E_012D91F0/83 .event edge, v012DA478_331, v012DA478_332, v012DA478_333, v012DA478_334;
v012DA478_335 .array/port v012DA478, 335;
v012DA478_336 .array/port v012DA478, 336;
v012DA478_337 .array/port v012DA478, 337;
v012DA478_338 .array/port v012DA478, 338;
E_012D91F0/84 .event edge, v012DA478_335, v012DA478_336, v012DA478_337, v012DA478_338;
v012DA478_339 .array/port v012DA478, 339;
v012DA478_340 .array/port v012DA478, 340;
v012DA478_341 .array/port v012DA478, 341;
v012DA478_342 .array/port v012DA478, 342;
E_012D91F0/85 .event edge, v012DA478_339, v012DA478_340, v012DA478_341, v012DA478_342;
v012DA478_343 .array/port v012DA478, 343;
v012DA478_344 .array/port v012DA478, 344;
v012DA478_345 .array/port v012DA478, 345;
v012DA478_346 .array/port v012DA478, 346;
E_012D91F0/86 .event edge, v012DA478_343, v012DA478_344, v012DA478_345, v012DA478_346;
v012DA478_347 .array/port v012DA478, 347;
v012DA478_348 .array/port v012DA478, 348;
v012DA478_349 .array/port v012DA478, 349;
v012DA478_350 .array/port v012DA478, 350;
E_012D91F0/87 .event edge, v012DA478_347, v012DA478_348, v012DA478_349, v012DA478_350;
v012DA478_351 .array/port v012DA478, 351;
v012DA478_352 .array/port v012DA478, 352;
v012DA478_353 .array/port v012DA478, 353;
v012DA478_354 .array/port v012DA478, 354;
E_012D91F0/88 .event edge, v012DA478_351, v012DA478_352, v012DA478_353, v012DA478_354;
v012DA478_355 .array/port v012DA478, 355;
v012DA478_356 .array/port v012DA478, 356;
v012DA478_357 .array/port v012DA478, 357;
v012DA478_358 .array/port v012DA478, 358;
E_012D91F0/89 .event edge, v012DA478_355, v012DA478_356, v012DA478_357, v012DA478_358;
v012DA478_359 .array/port v012DA478, 359;
v012DA478_360 .array/port v012DA478, 360;
v012DA478_361 .array/port v012DA478, 361;
v012DA478_362 .array/port v012DA478, 362;
E_012D91F0/90 .event edge, v012DA478_359, v012DA478_360, v012DA478_361, v012DA478_362;
v012DA478_363 .array/port v012DA478, 363;
v012DA478_364 .array/port v012DA478, 364;
v012DA478_365 .array/port v012DA478, 365;
v012DA478_366 .array/port v012DA478, 366;
E_012D91F0/91 .event edge, v012DA478_363, v012DA478_364, v012DA478_365, v012DA478_366;
v012DA478_367 .array/port v012DA478, 367;
v012DA478_368 .array/port v012DA478, 368;
v012DA478_369 .array/port v012DA478, 369;
v012DA478_370 .array/port v012DA478, 370;
E_012D91F0/92 .event edge, v012DA478_367, v012DA478_368, v012DA478_369, v012DA478_370;
v012DA478_371 .array/port v012DA478, 371;
v012DA478_372 .array/port v012DA478, 372;
v012DA478_373 .array/port v012DA478, 373;
v012DA478_374 .array/port v012DA478, 374;
E_012D91F0/93 .event edge, v012DA478_371, v012DA478_372, v012DA478_373, v012DA478_374;
v012DA478_375 .array/port v012DA478, 375;
v012DA478_376 .array/port v012DA478, 376;
v012DA478_377 .array/port v012DA478, 377;
v012DA478_378 .array/port v012DA478, 378;
E_012D91F0/94 .event edge, v012DA478_375, v012DA478_376, v012DA478_377, v012DA478_378;
v012DA478_379 .array/port v012DA478, 379;
v012DA478_380 .array/port v012DA478, 380;
v012DA478_381 .array/port v012DA478, 381;
v012DA478_382 .array/port v012DA478, 382;
E_012D91F0/95 .event edge, v012DA478_379, v012DA478_380, v012DA478_381, v012DA478_382;
v012DA478_383 .array/port v012DA478, 383;
v012DA478_384 .array/port v012DA478, 384;
v012DA478_385 .array/port v012DA478, 385;
v012DA478_386 .array/port v012DA478, 386;
E_012D91F0/96 .event edge, v012DA478_383, v012DA478_384, v012DA478_385, v012DA478_386;
v012DA478_387 .array/port v012DA478, 387;
v012DA478_388 .array/port v012DA478, 388;
v012DA478_389 .array/port v012DA478, 389;
v012DA478_390 .array/port v012DA478, 390;
E_012D91F0/97 .event edge, v012DA478_387, v012DA478_388, v012DA478_389, v012DA478_390;
v012DA478_391 .array/port v012DA478, 391;
v012DA478_392 .array/port v012DA478, 392;
v012DA478_393 .array/port v012DA478, 393;
v012DA478_394 .array/port v012DA478, 394;
E_012D91F0/98 .event edge, v012DA478_391, v012DA478_392, v012DA478_393, v012DA478_394;
v012DA478_395 .array/port v012DA478, 395;
v012DA478_396 .array/port v012DA478, 396;
v012DA478_397 .array/port v012DA478, 397;
v012DA478_398 .array/port v012DA478, 398;
E_012D91F0/99 .event edge, v012DA478_395, v012DA478_396, v012DA478_397, v012DA478_398;
v012DA478_399 .array/port v012DA478, 399;
v012DA478_400 .array/port v012DA478, 400;
v012DA478_401 .array/port v012DA478, 401;
v012DA478_402 .array/port v012DA478, 402;
E_012D91F0/100 .event edge, v012DA478_399, v012DA478_400, v012DA478_401, v012DA478_402;
v012DA478_403 .array/port v012DA478, 403;
v012DA478_404 .array/port v012DA478, 404;
v012DA478_405 .array/port v012DA478, 405;
v012DA478_406 .array/port v012DA478, 406;
E_012D91F0/101 .event edge, v012DA478_403, v012DA478_404, v012DA478_405, v012DA478_406;
v012DA478_407 .array/port v012DA478, 407;
v012DA478_408 .array/port v012DA478, 408;
v012DA478_409 .array/port v012DA478, 409;
v012DA478_410 .array/port v012DA478, 410;
E_012D91F0/102 .event edge, v012DA478_407, v012DA478_408, v012DA478_409, v012DA478_410;
v012DA478_411 .array/port v012DA478, 411;
v012DA478_412 .array/port v012DA478, 412;
v012DA478_413 .array/port v012DA478, 413;
v012DA478_414 .array/port v012DA478, 414;
E_012D91F0/103 .event edge, v012DA478_411, v012DA478_412, v012DA478_413, v012DA478_414;
v012DA478_415 .array/port v012DA478, 415;
v012DA478_416 .array/port v012DA478, 416;
v012DA478_417 .array/port v012DA478, 417;
v012DA478_418 .array/port v012DA478, 418;
E_012D91F0/104 .event edge, v012DA478_415, v012DA478_416, v012DA478_417, v012DA478_418;
v012DA478_419 .array/port v012DA478, 419;
v012DA478_420 .array/port v012DA478, 420;
v012DA478_421 .array/port v012DA478, 421;
v012DA478_422 .array/port v012DA478, 422;
E_012D91F0/105 .event edge, v012DA478_419, v012DA478_420, v012DA478_421, v012DA478_422;
v012DA478_423 .array/port v012DA478, 423;
v012DA478_424 .array/port v012DA478, 424;
v012DA478_425 .array/port v012DA478, 425;
v012DA478_426 .array/port v012DA478, 426;
E_012D91F0/106 .event edge, v012DA478_423, v012DA478_424, v012DA478_425, v012DA478_426;
v012DA478_427 .array/port v012DA478, 427;
v012DA478_428 .array/port v012DA478, 428;
v012DA478_429 .array/port v012DA478, 429;
v012DA478_430 .array/port v012DA478, 430;
E_012D91F0/107 .event edge, v012DA478_427, v012DA478_428, v012DA478_429, v012DA478_430;
v012DA478_431 .array/port v012DA478, 431;
v012DA478_432 .array/port v012DA478, 432;
v012DA478_433 .array/port v012DA478, 433;
v012DA478_434 .array/port v012DA478, 434;
E_012D91F0/108 .event edge, v012DA478_431, v012DA478_432, v012DA478_433, v012DA478_434;
v012DA478_435 .array/port v012DA478, 435;
v012DA478_436 .array/port v012DA478, 436;
v012DA478_437 .array/port v012DA478, 437;
v012DA478_438 .array/port v012DA478, 438;
E_012D91F0/109 .event edge, v012DA478_435, v012DA478_436, v012DA478_437, v012DA478_438;
v012DA478_439 .array/port v012DA478, 439;
v012DA478_440 .array/port v012DA478, 440;
v012DA478_441 .array/port v012DA478, 441;
v012DA478_442 .array/port v012DA478, 442;
E_012D91F0/110 .event edge, v012DA478_439, v012DA478_440, v012DA478_441, v012DA478_442;
v012DA478_443 .array/port v012DA478, 443;
v012DA478_444 .array/port v012DA478, 444;
v012DA478_445 .array/port v012DA478, 445;
v012DA478_446 .array/port v012DA478, 446;
E_012D91F0/111 .event edge, v012DA478_443, v012DA478_444, v012DA478_445, v012DA478_446;
v012DA478_447 .array/port v012DA478, 447;
v012DA478_448 .array/port v012DA478, 448;
v012DA478_449 .array/port v012DA478, 449;
v012DA478_450 .array/port v012DA478, 450;
E_012D91F0/112 .event edge, v012DA478_447, v012DA478_448, v012DA478_449, v012DA478_450;
v012DA478_451 .array/port v012DA478, 451;
v012DA478_452 .array/port v012DA478, 452;
v012DA478_453 .array/port v012DA478, 453;
v012DA478_454 .array/port v012DA478, 454;
E_012D91F0/113 .event edge, v012DA478_451, v012DA478_452, v012DA478_453, v012DA478_454;
v012DA478_455 .array/port v012DA478, 455;
v012DA478_456 .array/port v012DA478, 456;
v012DA478_457 .array/port v012DA478, 457;
v012DA478_458 .array/port v012DA478, 458;
E_012D91F0/114 .event edge, v012DA478_455, v012DA478_456, v012DA478_457, v012DA478_458;
v012DA478_459 .array/port v012DA478, 459;
v012DA478_460 .array/port v012DA478, 460;
v012DA478_461 .array/port v012DA478, 461;
v012DA478_462 .array/port v012DA478, 462;
E_012D91F0/115 .event edge, v012DA478_459, v012DA478_460, v012DA478_461, v012DA478_462;
v012DA478_463 .array/port v012DA478, 463;
v012DA478_464 .array/port v012DA478, 464;
v012DA478_465 .array/port v012DA478, 465;
v012DA478_466 .array/port v012DA478, 466;
E_012D91F0/116 .event edge, v012DA478_463, v012DA478_464, v012DA478_465, v012DA478_466;
v012DA478_467 .array/port v012DA478, 467;
v012DA478_468 .array/port v012DA478, 468;
v012DA478_469 .array/port v012DA478, 469;
v012DA478_470 .array/port v012DA478, 470;
E_012D91F0/117 .event edge, v012DA478_467, v012DA478_468, v012DA478_469, v012DA478_470;
v012DA478_471 .array/port v012DA478, 471;
v012DA478_472 .array/port v012DA478, 472;
v012DA478_473 .array/port v012DA478, 473;
v012DA478_474 .array/port v012DA478, 474;
E_012D91F0/118 .event edge, v012DA478_471, v012DA478_472, v012DA478_473, v012DA478_474;
v012DA478_475 .array/port v012DA478, 475;
v012DA478_476 .array/port v012DA478, 476;
v012DA478_477 .array/port v012DA478, 477;
v012DA478_478 .array/port v012DA478, 478;
E_012D91F0/119 .event edge, v012DA478_475, v012DA478_476, v012DA478_477, v012DA478_478;
v012DA478_479 .array/port v012DA478, 479;
v012DA478_480 .array/port v012DA478, 480;
v012DA478_481 .array/port v012DA478, 481;
v012DA478_482 .array/port v012DA478, 482;
E_012D91F0/120 .event edge, v012DA478_479, v012DA478_480, v012DA478_481, v012DA478_482;
v012DA478_483 .array/port v012DA478, 483;
v012DA478_484 .array/port v012DA478, 484;
v012DA478_485 .array/port v012DA478, 485;
v012DA478_486 .array/port v012DA478, 486;
E_012D91F0/121 .event edge, v012DA478_483, v012DA478_484, v012DA478_485, v012DA478_486;
v012DA478_487 .array/port v012DA478, 487;
v012DA478_488 .array/port v012DA478, 488;
v012DA478_489 .array/port v012DA478, 489;
v012DA478_490 .array/port v012DA478, 490;
E_012D91F0/122 .event edge, v012DA478_487, v012DA478_488, v012DA478_489, v012DA478_490;
v012DA478_491 .array/port v012DA478, 491;
v012DA478_492 .array/port v012DA478, 492;
v012DA478_493 .array/port v012DA478, 493;
v012DA478_494 .array/port v012DA478, 494;
E_012D91F0/123 .event edge, v012DA478_491, v012DA478_492, v012DA478_493, v012DA478_494;
v012DA478_495 .array/port v012DA478, 495;
v012DA478_496 .array/port v012DA478, 496;
v012DA478_497 .array/port v012DA478, 497;
v012DA478_498 .array/port v012DA478, 498;
E_012D91F0/124 .event edge, v012DA478_495, v012DA478_496, v012DA478_497, v012DA478_498;
v012DA478_499 .array/port v012DA478, 499;
v012DA478_500 .array/port v012DA478, 500;
v012DA478_501 .array/port v012DA478, 501;
v012DA478_502 .array/port v012DA478, 502;
E_012D91F0/125 .event edge, v012DA478_499, v012DA478_500, v012DA478_501, v012DA478_502;
v012DA478_503 .array/port v012DA478, 503;
v012DA478_504 .array/port v012DA478, 504;
v012DA478_505 .array/port v012DA478, 505;
v012DA478_506 .array/port v012DA478, 506;
E_012D91F0/126 .event edge, v012DA478_503, v012DA478_504, v012DA478_505, v012DA478_506;
v012DA478_507 .array/port v012DA478, 507;
v012DA478_508 .array/port v012DA478, 508;
v012DA478_509 .array/port v012DA478, 509;
v012DA478_510 .array/port v012DA478, 510;
E_012D91F0/127 .event edge, v012DA478_507, v012DA478_508, v012DA478_509, v012DA478_510;
v012DA478_511 .array/port v012DA478, 511;
v012DA478_512 .array/port v012DA478, 512;
v012DA478_513 .array/port v012DA478, 513;
v012DA478_514 .array/port v012DA478, 514;
E_012D91F0/128 .event edge, v012DA478_511, v012DA478_512, v012DA478_513, v012DA478_514;
v012DA478_515 .array/port v012DA478, 515;
v012DA478_516 .array/port v012DA478, 516;
v012DA478_517 .array/port v012DA478, 517;
v012DA478_518 .array/port v012DA478, 518;
E_012D91F0/129 .event edge, v012DA478_515, v012DA478_516, v012DA478_517, v012DA478_518;
v012DA478_519 .array/port v012DA478, 519;
v012DA478_520 .array/port v012DA478, 520;
v012DA478_521 .array/port v012DA478, 521;
v012DA478_522 .array/port v012DA478, 522;
E_012D91F0/130 .event edge, v012DA478_519, v012DA478_520, v012DA478_521, v012DA478_522;
v012DA478_523 .array/port v012DA478, 523;
v012DA478_524 .array/port v012DA478, 524;
v012DA478_525 .array/port v012DA478, 525;
v012DA478_526 .array/port v012DA478, 526;
E_012D91F0/131 .event edge, v012DA478_523, v012DA478_524, v012DA478_525, v012DA478_526;
v012DA478_527 .array/port v012DA478, 527;
v012DA478_528 .array/port v012DA478, 528;
v012DA478_529 .array/port v012DA478, 529;
v012DA478_530 .array/port v012DA478, 530;
E_012D91F0/132 .event edge, v012DA478_527, v012DA478_528, v012DA478_529, v012DA478_530;
v012DA478_531 .array/port v012DA478, 531;
v012DA478_532 .array/port v012DA478, 532;
v012DA478_533 .array/port v012DA478, 533;
v012DA478_534 .array/port v012DA478, 534;
E_012D91F0/133 .event edge, v012DA478_531, v012DA478_532, v012DA478_533, v012DA478_534;
v012DA478_535 .array/port v012DA478, 535;
v012DA478_536 .array/port v012DA478, 536;
v012DA478_537 .array/port v012DA478, 537;
v012DA478_538 .array/port v012DA478, 538;
E_012D91F0/134 .event edge, v012DA478_535, v012DA478_536, v012DA478_537, v012DA478_538;
v012DA478_539 .array/port v012DA478, 539;
v012DA478_540 .array/port v012DA478, 540;
v012DA478_541 .array/port v012DA478, 541;
v012DA478_542 .array/port v012DA478, 542;
E_012D91F0/135 .event edge, v012DA478_539, v012DA478_540, v012DA478_541, v012DA478_542;
v012DA478_543 .array/port v012DA478, 543;
v012DA478_544 .array/port v012DA478, 544;
v012DA478_545 .array/port v012DA478, 545;
v012DA478_546 .array/port v012DA478, 546;
E_012D91F0/136 .event edge, v012DA478_543, v012DA478_544, v012DA478_545, v012DA478_546;
v012DA478_547 .array/port v012DA478, 547;
v012DA478_548 .array/port v012DA478, 548;
v012DA478_549 .array/port v012DA478, 549;
v012DA478_550 .array/port v012DA478, 550;
E_012D91F0/137 .event edge, v012DA478_547, v012DA478_548, v012DA478_549, v012DA478_550;
v012DA478_551 .array/port v012DA478, 551;
v012DA478_552 .array/port v012DA478, 552;
v012DA478_553 .array/port v012DA478, 553;
v012DA478_554 .array/port v012DA478, 554;
E_012D91F0/138 .event edge, v012DA478_551, v012DA478_552, v012DA478_553, v012DA478_554;
v012DA478_555 .array/port v012DA478, 555;
v012DA478_556 .array/port v012DA478, 556;
v012DA478_557 .array/port v012DA478, 557;
v012DA478_558 .array/port v012DA478, 558;
E_012D91F0/139 .event edge, v012DA478_555, v012DA478_556, v012DA478_557, v012DA478_558;
v012DA478_559 .array/port v012DA478, 559;
v012DA478_560 .array/port v012DA478, 560;
v012DA478_561 .array/port v012DA478, 561;
v012DA478_562 .array/port v012DA478, 562;
E_012D91F0/140 .event edge, v012DA478_559, v012DA478_560, v012DA478_561, v012DA478_562;
v012DA478_563 .array/port v012DA478, 563;
v012DA478_564 .array/port v012DA478, 564;
v012DA478_565 .array/port v012DA478, 565;
v012DA478_566 .array/port v012DA478, 566;
E_012D91F0/141 .event edge, v012DA478_563, v012DA478_564, v012DA478_565, v012DA478_566;
v012DA478_567 .array/port v012DA478, 567;
v012DA478_568 .array/port v012DA478, 568;
v012DA478_569 .array/port v012DA478, 569;
v012DA478_570 .array/port v012DA478, 570;
E_012D91F0/142 .event edge, v012DA478_567, v012DA478_568, v012DA478_569, v012DA478_570;
v012DA478_571 .array/port v012DA478, 571;
v012DA478_572 .array/port v012DA478, 572;
v012DA478_573 .array/port v012DA478, 573;
v012DA478_574 .array/port v012DA478, 574;
E_012D91F0/143 .event edge, v012DA478_571, v012DA478_572, v012DA478_573, v012DA478_574;
v012DA478_575 .array/port v012DA478, 575;
v012DA478_576 .array/port v012DA478, 576;
v012DA478_577 .array/port v012DA478, 577;
v012DA478_578 .array/port v012DA478, 578;
E_012D91F0/144 .event edge, v012DA478_575, v012DA478_576, v012DA478_577, v012DA478_578;
v012DA478_579 .array/port v012DA478, 579;
v012DA478_580 .array/port v012DA478, 580;
v012DA478_581 .array/port v012DA478, 581;
v012DA478_582 .array/port v012DA478, 582;
E_012D91F0/145 .event edge, v012DA478_579, v012DA478_580, v012DA478_581, v012DA478_582;
v012DA478_583 .array/port v012DA478, 583;
v012DA478_584 .array/port v012DA478, 584;
v012DA478_585 .array/port v012DA478, 585;
v012DA478_586 .array/port v012DA478, 586;
E_012D91F0/146 .event edge, v012DA478_583, v012DA478_584, v012DA478_585, v012DA478_586;
v012DA478_587 .array/port v012DA478, 587;
v012DA478_588 .array/port v012DA478, 588;
v012DA478_589 .array/port v012DA478, 589;
v012DA478_590 .array/port v012DA478, 590;
E_012D91F0/147 .event edge, v012DA478_587, v012DA478_588, v012DA478_589, v012DA478_590;
v012DA478_591 .array/port v012DA478, 591;
v012DA478_592 .array/port v012DA478, 592;
v012DA478_593 .array/port v012DA478, 593;
v012DA478_594 .array/port v012DA478, 594;
E_012D91F0/148 .event edge, v012DA478_591, v012DA478_592, v012DA478_593, v012DA478_594;
v012DA478_595 .array/port v012DA478, 595;
v012DA478_596 .array/port v012DA478, 596;
v012DA478_597 .array/port v012DA478, 597;
v012DA478_598 .array/port v012DA478, 598;
E_012D91F0/149 .event edge, v012DA478_595, v012DA478_596, v012DA478_597, v012DA478_598;
v012DA478_599 .array/port v012DA478, 599;
v012DA478_600 .array/port v012DA478, 600;
v012DA478_601 .array/port v012DA478, 601;
v012DA478_602 .array/port v012DA478, 602;
E_012D91F0/150 .event edge, v012DA478_599, v012DA478_600, v012DA478_601, v012DA478_602;
v012DA478_603 .array/port v012DA478, 603;
v012DA478_604 .array/port v012DA478, 604;
v012DA478_605 .array/port v012DA478, 605;
v012DA478_606 .array/port v012DA478, 606;
E_012D91F0/151 .event edge, v012DA478_603, v012DA478_604, v012DA478_605, v012DA478_606;
v012DA478_607 .array/port v012DA478, 607;
v012DA478_608 .array/port v012DA478, 608;
v012DA478_609 .array/port v012DA478, 609;
v012DA478_610 .array/port v012DA478, 610;
E_012D91F0/152 .event edge, v012DA478_607, v012DA478_608, v012DA478_609, v012DA478_610;
v012DA478_611 .array/port v012DA478, 611;
v012DA478_612 .array/port v012DA478, 612;
v012DA478_613 .array/port v012DA478, 613;
v012DA478_614 .array/port v012DA478, 614;
E_012D91F0/153 .event edge, v012DA478_611, v012DA478_612, v012DA478_613, v012DA478_614;
v012DA478_615 .array/port v012DA478, 615;
v012DA478_616 .array/port v012DA478, 616;
v012DA478_617 .array/port v012DA478, 617;
v012DA478_618 .array/port v012DA478, 618;
E_012D91F0/154 .event edge, v012DA478_615, v012DA478_616, v012DA478_617, v012DA478_618;
v012DA478_619 .array/port v012DA478, 619;
v012DA478_620 .array/port v012DA478, 620;
v012DA478_621 .array/port v012DA478, 621;
v012DA478_622 .array/port v012DA478, 622;
E_012D91F0/155 .event edge, v012DA478_619, v012DA478_620, v012DA478_621, v012DA478_622;
v012DA478_623 .array/port v012DA478, 623;
v012DA478_624 .array/port v012DA478, 624;
v012DA478_625 .array/port v012DA478, 625;
v012DA478_626 .array/port v012DA478, 626;
E_012D91F0/156 .event edge, v012DA478_623, v012DA478_624, v012DA478_625, v012DA478_626;
v012DA478_627 .array/port v012DA478, 627;
v012DA478_628 .array/port v012DA478, 628;
v012DA478_629 .array/port v012DA478, 629;
v012DA478_630 .array/port v012DA478, 630;
E_012D91F0/157 .event edge, v012DA478_627, v012DA478_628, v012DA478_629, v012DA478_630;
v012DA478_631 .array/port v012DA478, 631;
v012DA478_632 .array/port v012DA478, 632;
v012DA478_633 .array/port v012DA478, 633;
v012DA478_634 .array/port v012DA478, 634;
E_012D91F0/158 .event edge, v012DA478_631, v012DA478_632, v012DA478_633, v012DA478_634;
v012DA478_635 .array/port v012DA478, 635;
v012DA478_636 .array/port v012DA478, 636;
v012DA478_637 .array/port v012DA478, 637;
v012DA478_638 .array/port v012DA478, 638;
E_012D91F0/159 .event edge, v012DA478_635, v012DA478_636, v012DA478_637, v012DA478_638;
v012DA478_639 .array/port v012DA478, 639;
v012DA478_640 .array/port v012DA478, 640;
v012DA478_641 .array/port v012DA478, 641;
v012DA478_642 .array/port v012DA478, 642;
E_012D91F0/160 .event edge, v012DA478_639, v012DA478_640, v012DA478_641, v012DA478_642;
v012DA478_643 .array/port v012DA478, 643;
v012DA478_644 .array/port v012DA478, 644;
v012DA478_645 .array/port v012DA478, 645;
v012DA478_646 .array/port v012DA478, 646;
E_012D91F0/161 .event edge, v012DA478_643, v012DA478_644, v012DA478_645, v012DA478_646;
v012DA478_647 .array/port v012DA478, 647;
v012DA478_648 .array/port v012DA478, 648;
v012DA478_649 .array/port v012DA478, 649;
v012DA478_650 .array/port v012DA478, 650;
E_012D91F0/162 .event edge, v012DA478_647, v012DA478_648, v012DA478_649, v012DA478_650;
v012DA478_651 .array/port v012DA478, 651;
v012DA478_652 .array/port v012DA478, 652;
v012DA478_653 .array/port v012DA478, 653;
v012DA478_654 .array/port v012DA478, 654;
E_012D91F0/163 .event edge, v012DA478_651, v012DA478_652, v012DA478_653, v012DA478_654;
v012DA478_655 .array/port v012DA478, 655;
v012DA478_656 .array/port v012DA478, 656;
v012DA478_657 .array/port v012DA478, 657;
v012DA478_658 .array/port v012DA478, 658;
E_012D91F0/164 .event edge, v012DA478_655, v012DA478_656, v012DA478_657, v012DA478_658;
v012DA478_659 .array/port v012DA478, 659;
v012DA478_660 .array/port v012DA478, 660;
v012DA478_661 .array/port v012DA478, 661;
v012DA478_662 .array/port v012DA478, 662;
E_012D91F0/165 .event edge, v012DA478_659, v012DA478_660, v012DA478_661, v012DA478_662;
v012DA478_663 .array/port v012DA478, 663;
v012DA478_664 .array/port v012DA478, 664;
v012DA478_665 .array/port v012DA478, 665;
v012DA478_666 .array/port v012DA478, 666;
E_012D91F0/166 .event edge, v012DA478_663, v012DA478_664, v012DA478_665, v012DA478_666;
v012DA478_667 .array/port v012DA478, 667;
v012DA478_668 .array/port v012DA478, 668;
v012DA478_669 .array/port v012DA478, 669;
v012DA478_670 .array/port v012DA478, 670;
E_012D91F0/167 .event edge, v012DA478_667, v012DA478_668, v012DA478_669, v012DA478_670;
v012DA478_671 .array/port v012DA478, 671;
v012DA478_672 .array/port v012DA478, 672;
v012DA478_673 .array/port v012DA478, 673;
v012DA478_674 .array/port v012DA478, 674;
E_012D91F0/168 .event edge, v012DA478_671, v012DA478_672, v012DA478_673, v012DA478_674;
v012DA478_675 .array/port v012DA478, 675;
v012DA478_676 .array/port v012DA478, 676;
v012DA478_677 .array/port v012DA478, 677;
v012DA478_678 .array/port v012DA478, 678;
E_012D91F0/169 .event edge, v012DA478_675, v012DA478_676, v012DA478_677, v012DA478_678;
v012DA478_679 .array/port v012DA478, 679;
v012DA478_680 .array/port v012DA478, 680;
v012DA478_681 .array/port v012DA478, 681;
v012DA478_682 .array/port v012DA478, 682;
E_012D91F0/170 .event edge, v012DA478_679, v012DA478_680, v012DA478_681, v012DA478_682;
v012DA478_683 .array/port v012DA478, 683;
v012DA478_684 .array/port v012DA478, 684;
v012DA478_685 .array/port v012DA478, 685;
v012DA478_686 .array/port v012DA478, 686;
E_012D91F0/171 .event edge, v012DA478_683, v012DA478_684, v012DA478_685, v012DA478_686;
v012DA478_687 .array/port v012DA478, 687;
v012DA478_688 .array/port v012DA478, 688;
v012DA478_689 .array/port v012DA478, 689;
v012DA478_690 .array/port v012DA478, 690;
E_012D91F0/172 .event edge, v012DA478_687, v012DA478_688, v012DA478_689, v012DA478_690;
v012DA478_691 .array/port v012DA478, 691;
v012DA478_692 .array/port v012DA478, 692;
v012DA478_693 .array/port v012DA478, 693;
v012DA478_694 .array/port v012DA478, 694;
E_012D91F0/173 .event edge, v012DA478_691, v012DA478_692, v012DA478_693, v012DA478_694;
v012DA478_695 .array/port v012DA478, 695;
v012DA478_696 .array/port v012DA478, 696;
v012DA478_697 .array/port v012DA478, 697;
v012DA478_698 .array/port v012DA478, 698;
E_012D91F0/174 .event edge, v012DA478_695, v012DA478_696, v012DA478_697, v012DA478_698;
v012DA478_699 .array/port v012DA478, 699;
v012DA478_700 .array/port v012DA478, 700;
v012DA478_701 .array/port v012DA478, 701;
v012DA478_702 .array/port v012DA478, 702;
E_012D91F0/175 .event edge, v012DA478_699, v012DA478_700, v012DA478_701, v012DA478_702;
v012DA478_703 .array/port v012DA478, 703;
v012DA478_704 .array/port v012DA478, 704;
v012DA478_705 .array/port v012DA478, 705;
v012DA478_706 .array/port v012DA478, 706;
E_012D91F0/176 .event edge, v012DA478_703, v012DA478_704, v012DA478_705, v012DA478_706;
v012DA478_707 .array/port v012DA478, 707;
v012DA478_708 .array/port v012DA478, 708;
v012DA478_709 .array/port v012DA478, 709;
v012DA478_710 .array/port v012DA478, 710;
E_012D91F0/177 .event edge, v012DA478_707, v012DA478_708, v012DA478_709, v012DA478_710;
v012DA478_711 .array/port v012DA478, 711;
v012DA478_712 .array/port v012DA478, 712;
v012DA478_713 .array/port v012DA478, 713;
v012DA478_714 .array/port v012DA478, 714;
E_012D91F0/178 .event edge, v012DA478_711, v012DA478_712, v012DA478_713, v012DA478_714;
v012DA478_715 .array/port v012DA478, 715;
v012DA478_716 .array/port v012DA478, 716;
v012DA478_717 .array/port v012DA478, 717;
v012DA478_718 .array/port v012DA478, 718;
E_012D91F0/179 .event edge, v012DA478_715, v012DA478_716, v012DA478_717, v012DA478_718;
v012DA478_719 .array/port v012DA478, 719;
v012DA478_720 .array/port v012DA478, 720;
v012DA478_721 .array/port v012DA478, 721;
v012DA478_722 .array/port v012DA478, 722;
E_012D91F0/180 .event edge, v012DA478_719, v012DA478_720, v012DA478_721, v012DA478_722;
v012DA478_723 .array/port v012DA478, 723;
v012DA478_724 .array/port v012DA478, 724;
v012DA478_725 .array/port v012DA478, 725;
v012DA478_726 .array/port v012DA478, 726;
E_012D91F0/181 .event edge, v012DA478_723, v012DA478_724, v012DA478_725, v012DA478_726;
v012DA478_727 .array/port v012DA478, 727;
v012DA478_728 .array/port v012DA478, 728;
v012DA478_729 .array/port v012DA478, 729;
v012DA478_730 .array/port v012DA478, 730;
E_012D91F0/182 .event edge, v012DA478_727, v012DA478_728, v012DA478_729, v012DA478_730;
v012DA478_731 .array/port v012DA478, 731;
v012DA478_732 .array/port v012DA478, 732;
v012DA478_733 .array/port v012DA478, 733;
v012DA478_734 .array/port v012DA478, 734;
E_012D91F0/183 .event edge, v012DA478_731, v012DA478_732, v012DA478_733, v012DA478_734;
v012DA478_735 .array/port v012DA478, 735;
v012DA478_736 .array/port v012DA478, 736;
v012DA478_737 .array/port v012DA478, 737;
v012DA478_738 .array/port v012DA478, 738;
E_012D91F0/184 .event edge, v012DA478_735, v012DA478_736, v012DA478_737, v012DA478_738;
v012DA478_739 .array/port v012DA478, 739;
v012DA478_740 .array/port v012DA478, 740;
v012DA478_741 .array/port v012DA478, 741;
v012DA478_742 .array/port v012DA478, 742;
E_012D91F0/185 .event edge, v012DA478_739, v012DA478_740, v012DA478_741, v012DA478_742;
v012DA478_743 .array/port v012DA478, 743;
v012DA478_744 .array/port v012DA478, 744;
v012DA478_745 .array/port v012DA478, 745;
v012DA478_746 .array/port v012DA478, 746;
E_012D91F0/186 .event edge, v012DA478_743, v012DA478_744, v012DA478_745, v012DA478_746;
v012DA478_747 .array/port v012DA478, 747;
v012DA478_748 .array/port v012DA478, 748;
v012DA478_749 .array/port v012DA478, 749;
v012DA478_750 .array/port v012DA478, 750;
E_012D91F0/187 .event edge, v012DA478_747, v012DA478_748, v012DA478_749, v012DA478_750;
v012DA478_751 .array/port v012DA478, 751;
v012DA478_752 .array/port v012DA478, 752;
v012DA478_753 .array/port v012DA478, 753;
v012DA478_754 .array/port v012DA478, 754;
E_012D91F0/188 .event edge, v012DA478_751, v012DA478_752, v012DA478_753, v012DA478_754;
v012DA478_755 .array/port v012DA478, 755;
v012DA478_756 .array/port v012DA478, 756;
v012DA478_757 .array/port v012DA478, 757;
v012DA478_758 .array/port v012DA478, 758;
E_012D91F0/189 .event edge, v012DA478_755, v012DA478_756, v012DA478_757, v012DA478_758;
v012DA478_759 .array/port v012DA478, 759;
v012DA478_760 .array/port v012DA478, 760;
v012DA478_761 .array/port v012DA478, 761;
v012DA478_762 .array/port v012DA478, 762;
E_012D91F0/190 .event edge, v012DA478_759, v012DA478_760, v012DA478_761, v012DA478_762;
v012DA478_763 .array/port v012DA478, 763;
v012DA478_764 .array/port v012DA478, 764;
v012DA478_765 .array/port v012DA478, 765;
v012DA478_766 .array/port v012DA478, 766;
E_012D91F0/191 .event edge, v012DA478_763, v012DA478_764, v012DA478_765, v012DA478_766;
v012DA478_767 .array/port v012DA478, 767;
v012DA478_768 .array/port v012DA478, 768;
v012DA478_769 .array/port v012DA478, 769;
v012DA478_770 .array/port v012DA478, 770;
E_012D91F0/192 .event edge, v012DA478_767, v012DA478_768, v012DA478_769, v012DA478_770;
v012DA478_771 .array/port v012DA478, 771;
v012DA478_772 .array/port v012DA478, 772;
v012DA478_773 .array/port v012DA478, 773;
v012DA478_774 .array/port v012DA478, 774;
E_012D91F0/193 .event edge, v012DA478_771, v012DA478_772, v012DA478_773, v012DA478_774;
v012DA478_775 .array/port v012DA478, 775;
v012DA478_776 .array/port v012DA478, 776;
v012DA478_777 .array/port v012DA478, 777;
v012DA478_778 .array/port v012DA478, 778;
E_012D91F0/194 .event edge, v012DA478_775, v012DA478_776, v012DA478_777, v012DA478_778;
v012DA478_779 .array/port v012DA478, 779;
v012DA478_780 .array/port v012DA478, 780;
v012DA478_781 .array/port v012DA478, 781;
v012DA478_782 .array/port v012DA478, 782;
E_012D91F0/195 .event edge, v012DA478_779, v012DA478_780, v012DA478_781, v012DA478_782;
v012DA478_783 .array/port v012DA478, 783;
v012DA478_784 .array/port v012DA478, 784;
v012DA478_785 .array/port v012DA478, 785;
v012DA478_786 .array/port v012DA478, 786;
E_012D91F0/196 .event edge, v012DA478_783, v012DA478_784, v012DA478_785, v012DA478_786;
v012DA478_787 .array/port v012DA478, 787;
v012DA478_788 .array/port v012DA478, 788;
v012DA478_789 .array/port v012DA478, 789;
v012DA478_790 .array/port v012DA478, 790;
E_012D91F0/197 .event edge, v012DA478_787, v012DA478_788, v012DA478_789, v012DA478_790;
v012DA478_791 .array/port v012DA478, 791;
v012DA478_792 .array/port v012DA478, 792;
v012DA478_793 .array/port v012DA478, 793;
v012DA478_794 .array/port v012DA478, 794;
E_012D91F0/198 .event edge, v012DA478_791, v012DA478_792, v012DA478_793, v012DA478_794;
v012DA478_795 .array/port v012DA478, 795;
v012DA478_796 .array/port v012DA478, 796;
v012DA478_797 .array/port v012DA478, 797;
v012DA478_798 .array/port v012DA478, 798;
E_012D91F0/199 .event edge, v012DA478_795, v012DA478_796, v012DA478_797, v012DA478_798;
v012DA478_799 .array/port v012DA478, 799;
v012DA478_800 .array/port v012DA478, 800;
v012DA478_801 .array/port v012DA478, 801;
v012DA478_802 .array/port v012DA478, 802;
E_012D91F0/200 .event edge, v012DA478_799, v012DA478_800, v012DA478_801, v012DA478_802;
v012DA478_803 .array/port v012DA478, 803;
v012DA478_804 .array/port v012DA478, 804;
v012DA478_805 .array/port v012DA478, 805;
v012DA478_806 .array/port v012DA478, 806;
E_012D91F0/201 .event edge, v012DA478_803, v012DA478_804, v012DA478_805, v012DA478_806;
v012DA478_807 .array/port v012DA478, 807;
v012DA478_808 .array/port v012DA478, 808;
v012DA478_809 .array/port v012DA478, 809;
v012DA478_810 .array/port v012DA478, 810;
E_012D91F0/202 .event edge, v012DA478_807, v012DA478_808, v012DA478_809, v012DA478_810;
v012DA478_811 .array/port v012DA478, 811;
v012DA478_812 .array/port v012DA478, 812;
v012DA478_813 .array/port v012DA478, 813;
v012DA478_814 .array/port v012DA478, 814;
E_012D91F0/203 .event edge, v012DA478_811, v012DA478_812, v012DA478_813, v012DA478_814;
v012DA478_815 .array/port v012DA478, 815;
v012DA478_816 .array/port v012DA478, 816;
v012DA478_817 .array/port v012DA478, 817;
v012DA478_818 .array/port v012DA478, 818;
E_012D91F0/204 .event edge, v012DA478_815, v012DA478_816, v012DA478_817, v012DA478_818;
v012DA478_819 .array/port v012DA478, 819;
v012DA478_820 .array/port v012DA478, 820;
v012DA478_821 .array/port v012DA478, 821;
v012DA478_822 .array/port v012DA478, 822;
E_012D91F0/205 .event edge, v012DA478_819, v012DA478_820, v012DA478_821, v012DA478_822;
v012DA478_823 .array/port v012DA478, 823;
v012DA478_824 .array/port v012DA478, 824;
v012DA478_825 .array/port v012DA478, 825;
v012DA478_826 .array/port v012DA478, 826;
E_012D91F0/206 .event edge, v012DA478_823, v012DA478_824, v012DA478_825, v012DA478_826;
v012DA478_827 .array/port v012DA478, 827;
v012DA478_828 .array/port v012DA478, 828;
v012DA478_829 .array/port v012DA478, 829;
v012DA478_830 .array/port v012DA478, 830;
E_012D91F0/207 .event edge, v012DA478_827, v012DA478_828, v012DA478_829, v012DA478_830;
v012DA478_831 .array/port v012DA478, 831;
v012DA478_832 .array/port v012DA478, 832;
v012DA478_833 .array/port v012DA478, 833;
v012DA478_834 .array/port v012DA478, 834;
E_012D91F0/208 .event edge, v012DA478_831, v012DA478_832, v012DA478_833, v012DA478_834;
v012DA478_835 .array/port v012DA478, 835;
v012DA478_836 .array/port v012DA478, 836;
v012DA478_837 .array/port v012DA478, 837;
v012DA478_838 .array/port v012DA478, 838;
E_012D91F0/209 .event edge, v012DA478_835, v012DA478_836, v012DA478_837, v012DA478_838;
v012DA478_839 .array/port v012DA478, 839;
v012DA478_840 .array/port v012DA478, 840;
v012DA478_841 .array/port v012DA478, 841;
v012DA478_842 .array/port v012DA478, 842;
E_012D91F0/210 .event edge, v012DA478_839, v012DA478_840, v012DA478_841, v012DA478_842;
v012DA478_843 .array/port v012DA478, 843;
v012DA478_844 .array/port v012DA478, 844;
v012DA478_845 .array/port v012DA478, 845;
v012DA478_846 .array/port v012DA478, 846;
E_012D91F0/211 .event edge, v012DA478_843, v012DA478_844, v012DA478_845, v012DA478_846;
v012DA478_847 .array/port v012DA478, 847;
v012DA478_848 .array/port v012DA478, 848;
v012DA478_849 .array/port v012DA478, 849;
v012DA478_850 .array/port v012DA478, 850;
E_012D91F0/212 .event edge, v012DA478_847, v012DA478_848, v012DA478_849, v012DA478_850;
v012DA478_851 .array/port v012DA478, 851;
v012DA478_852 .array/port v012DA478, 852;
v012DA478_853 .array/port v012DA478, 853;
v012DA478_854 .array/port v012DA478, 854;
E_012D91F0/213 .event edge, v012DA478_851, v012DA478_852, v012DA478_853, v012DA478_854;
v012DA478_855 .array/port v012DA478, 855;
v012DA478_856 .array/port v012DA478, 856;
v012DA478_857 .array/port v012DA478, 857;
v012DA478_858 .array/port v012DA478, 858;
E_012D91F0/214 .event edge, v012DA478_855, v012DA478_856, v012DA478_857, v012DA478_858;
v012DA478_859 .array/port v012DA478, 859;
v012DA478_860 .array/port v012DA478, 860;
v012DA478_861 .array/port v012DA478, 861;
v012DA478_862 .array/port v012DA478, 862;
E_012D91F0/215 .event edge, v012DA478_859, v012DA478_860, v012DA478_861, v012DA478_862;
v012DA478_863 .array/port v012DA478, 863;
v012DA478_864 .array/port v012DA478, 864;
v012DA478_865 .array/port v012DA478, 865;
v012DA478_866 .array/port v012DA478, 866;
E_012D91F0/216 .event edge, v012DA478_863, v012DA478_864, v012DA478_865, v012DA478_866;
v012DA478_867 .array/port v012DA478, 867;
v012DA478_868 .array/port v012DA478, 868;
v012DA478_869 .array/port v012DA478, 869;
v012DA478_870 .array/port v012DA478, 870;
E_012D91F0/217 .event edge, v012DA478_867, v012DA478_868, v012DA478_869, v012DA478_870;
v012DA478_871 .array/port v012DA478, 871;
v012DA478_872 .array/port v012DA478, 872;
v012DA478_873 .array/port v012DA478, 873;
v012DA478_874 .array/port v012DA478, 874;
E_012D91F0/218 .event edge, v012DA478_871, v012DA478_872, v012DA478_873, v012DA478_874;
v012DA478_875 .array/port v012DA478, 875;
v012DA478_876 .array/port v012DA478, 876;
v012DA478_877 .array/port v012DA478, 877;
v012DA478_878 .array/port v012DA478, 878;
E_012D91F0/219 .event edge, v012DA478_875, v012DA478_876, v012DA478_877, v012DA478_878;
v012DA478_879 .array/port v012DA478, 879;
v012DA478_880 .array/port v012DA478, 880;
v012DA478_881 .array/port v012DA478, 881;
v012DA478_882 .array/port v012DA478, 882;
E_012D91F0/220 .event edge, v012DA478_879, v012DA478_880, v012DA478_881, v012DA478_882;
v012DA478_883 .array/port v012DA478, 883;
v012DA478_884 .array/port v012DA478, 884;
v012DA478_885 .array/port v012DA478, 885;
v012DA478_886 .array/port v012DA478, 886;
E_012D91F0/221 .event edge, v012DA478_883, v012DA478_884, v012DA478_885, v012DA478_886;
v012DA478_887 .array/port v012DA478, 887;
v012DA478_888 .array/port v012DA478, 888;
v012DA478_889 .array/port v012DA478, 889;
v012DA478_890 .array/port v012DA478, 890;
E_012D91F0/222 .event edge, v012DA478_887, v012DA478_888, v012DA478_889, v012DA478_890;
v012DA478_891 .array/port v012DA478, 891;
v012DA478_892 .array/port v012DA478, 892;
v012DA478_893 .array/port v012DA478, 893;
v012DA478_894 .array/port v012DA478, 894;
E_012D91F0/223 .event edge, v012DA478_891, v012DA478_892, v012DA478_893, v012DA478_894;
v012DA478_895 .array/port v012DA478, 895;
v012DA478_896 .array/port v012DA478, 896;
v012DA478_897 .array/port v012DA478, 897;
v012DA478_898 .array/port v012DA478, 898;
E_012D91F0/224 .event edge, v012DA478_895, v012DA478_896, v012DA478_897, v012DA478_898;
v012DA478_899 .array/port v012DA478, 899;
v012DA478_900 .array/port v012DA478, 900;
v012DA478_901 .array/port v012DA478, 901;
v012DA478_902 .array/port v012DA478, 902;
E_012D91F0/225 .event edge, v012DA478_899, v012DA478_900, v012DA478_901, v012DA478_902;
v012DA478_903 .array/port v012DA478, 903;
v012DA478_904 .array/port v012DA478, 904;
v012DA478_905 .array/port v012DA478, 905;
v012DA478_906 .array/port v012DA478, 906;
E_012D91F0/226 .event edge, v012DA478_903, v012DA478_904, v012DA478_905, v012DA478_906;
v012DA478_907 .array/port v012DA478, 907;
v012DA478_908 .array/port v012DA478, 908;
v012DA478_909 .array/port v012DA478, 909;
v012DA478_910 .array/port v012DA478, 910;
E_012D91F0/227 .event edge, v012DA478_907, v012DA478_908, v012DA478_909, v012DA478_910;
v012DA478_911 .array/port v012DA478, 911;
v012DA478_912 .array/port v012DA478, 912;
v012DA478_913 .array/port v012DA478, 913;
v012DA478_914 .array/port v012DA478, 914;
E_012D91F0/228 .event edge, v012DA478_911, v012DA478_912, v012DA478_913, v012DA478_914;
v012DA478_915 .array/port v012DA478, 915;
v012DA478_916 .array/port v012DA478, 916;
v012DA478_917 .array/port v012DA478, 917;
v012DA478_918 .array/port v012DA478, 918;
E_012D91F0/229 .event edge, v012DA478_915, v012DA478_916, v012DA478_917, v012DA478_918;
v012DA478_919 .array/port v012DA478, 919;
v012DA478_920 .array/port v012DA478, 920;
v012DA478_921 .array/port v012DA478, 921;
v012DA478_922 .array/port v012DA478, 922;
E_012D91F0/230 .event edge, v012DA478_919, v012DA478_920, v012DA478_921, v012DA478_922;
v012DA478_923 .array/port v012DA478, 923;
v012DA478_924 .array/port v012DA478, 924;
v012DA478_925 .array/port v012DA478, 925;
v012DA478_926 .array/port v012DA478, 926;
E_012D91F0/231 .event edge, v012DA478_923, v012DA478_924, v012DA478_925, v012DA478_926;
v012DA478_927 .array/port v012DA478, 927;
v012DA478_928 .array/port v012DA478, 928;
v012DA478_929 .array/port v012DA478, 929;
v012DA478_930 .array/port v012DA478, 930;
E_012D91F0/232 .event edge, v012DA478_927, v012DA478_928, v012DA478_929, v012DA478_930;
v012DA478_931 .array/port v012DA478, 931;
v012DA478_932 .array/port v012DA478, 932;
v012DA478_933 .array/port v012DA478, 933;
v012DA478_934 .array/port v012DA478, 934;
E_012D91F0/233 .event edge, v012DA478_931, v012DA478_932, v012DA478_933, v012DA478_934;
v012DA478_935 .array/port v012DA478, 935;
v012DA478_936 .array/port v012DA478, 936;
v012DA478_937 .array/port v012DA478, 937;
v012DA478_938 .array/port v012DA478, 938;
E_012D91F0/234 .event edge, v012DA478_935, v012DA478_936, v012DA478_937, v012DA478_938;
v012DA478_939 .array/port v012DA478, 939;
v012DA478_940 .array/port v012DA478, 940;
v012DA478_941 .array/port v012DA478, 941;
v012DA478_942 .array/port v012DA478, 942;
E_012D91F0/235 .event edge, v012DA478_939, v012DA478_940, v012DA478_941, v012DA478_942;
v012DA478_943 .array/port v012DA478, 943;
v012DA478_944 .array/port v012DA478, 944;
v012DA478_945 .array/port v012DA478, 945;
v012DA478_946 .array/port v012DA478, 946;
E_012D91F0/236 .event edge, v012DA478_943, v012DA478_944, v012DA478_945, v012DA478_946;
v012DA478_947 .array/port v012DA478, 947;
v012DA478_948 .array/port v012DA478, 948;
v012DA478_949 .array/port v012DA478, 949;
v012DA478_950 .array/port v012DA478, 950;
E_012D91F0/237 .event edge, v012DA478_947, v012DA478_948, v012DA478_949, v012DA478_950;
v012DA478_951 .array/port v012DA478, 951;
v012DA478_952 .array/port v012DA478, 952;
v012DA478_953 .array/port v012DA478, 953;
v012DA478_954 .array/port v012DA478, 954;
E_012D91F0/238 .event edge, v012DA478_951, v012DA478_952, v012DA478_953, v012DA478_954;
v012DA478_955 .array/port v012DA478, 955;
v012DA478_956 .array/port v012DA478, 956;
v012DA478_957 .array/port v012DA478, 957;
v012DA478_958 .array/port v012DA478, 958;
E_012D91F0/239 .event edge, v012DA478_955, v012DA478_956, v012DA478_957, v012DA478_958;
v012DA478_959 .array/port v012DA478, 959;
v012DA478_960 .array/port v012DA478, 960;
v012DA478_961 .array/port v012DA478, 961;
v012DA478_962 .array/port v012DA478, 962;
E_012D91F0/240 .event edge, v012DA478_959, v012DA478_960, v012DA478_961, v012DA478_962;
v012DA478_963 .array/port v012DA478, 963;
v012DA478_964 .array/port v012DA478, 964;
v012DA478_965 .array/port v012DA478, 965;
v012DA478_966 .array/port v012DA478, 966;
E_012D91F0/241 .event edge, v012DA478_963, v012DA478_964, v012DA478_965, v012DA478_966;
v012DA478_967 .array/port v012DA478, 967;
v012DA478_968 .array/port v012DA478, 968;
v012DA478_969 .array/port v012DA478, 969;
v012DA478_970 .array/port v012DA478, 970;
E_012D91F0/242 .event edge, v012DA478_967, v012DA478_968, v012DA478_969, v012DA478_970;
v012DA478_971 .array/port v012DA478, 971;
v012DA478_972 .array/port v012DA478, 972;
v012DA478_973 .array/port v012DA478, 973;
v012DA478_974 .array/port v012DA478, 974;
E_012D91F0/243 .event edge, v012DA478_971, v012DA478_972, v012DA478_973, v012DA478_974;
v012DA478_975 .array/port v012DA478, 975;
v012DA478_976 .array/port v012DA478, 976;
v012DA478_977 .array/port v012DA478, 977;
v012DA478_978 .array/port v012DA478, 978;
E_012D91F0/244 .event edge, v012DA478_975, v012DA478_976, v012DA478_977, v012DA478_978;
v012DA478_979 .array/port v012DA478, 979;
v012DA478_980 .array/port v012DA478, 980;
v012DA478_981 .array/port v012DA478, 981;
v012DA478_982 .array/port v012DA478, 982;
E_012D91F0/245 .event edge, v012DA478_979, v012DA478_980, v012DA478_981, v012DA478_982;
v012DA478_983 .array/port v012DA478, 983;
v012DA478_984 .array/port v012DA478, 984;
v012DA478_985 .array/port v012DA478, 985;
v012DA478_986 .array/port v012DA478, 986;
E_012D91F0/246 .event edge, v012DA478_983, v012DA478_984, v012DA478_985, v012DA478_986;
v012DA478_987 .array/port v012DA478, 987;
v012DA478_988 .array/port v012DA478, 988;
v012DA478_989 .array/port v012DA478, 989;
v012DA478_990 .array/port v012DA478, 990;
E_012D91F0/247 .event edge, v012DA478_987, v012DA478_988, v012DA478_989, v012DA478_990;
v012DA478_991 .array/port v012DA478, 991;
v012DA478_992 .array/port v012DA478, 992;
v012DA478_993 .array/port v012DA478, 993;
v012DA478_994 .array/port v012DA478, 994;
E_012D91F0/248 .event edge, v012DA478_991, v012DA478_992, v012DA478_993, v012DA478_994;
v012DA478_995 .array/port v012DA478, 995;
v012DA478_996 .array/port v012DA478, 996;
v012DA478_997 .array/port v012DA478, 997;
v012DA478_998 .array/port v012DA478, 998;
E_012D91F0/249 .event edge, v012DA478_995, v012DA478_996, v012DA478_997, v012DA478_998;
v012DA478_999 .array/port v012DA478, 999;
v012DA478_1000 .array/port v012DA478, 1000;
v012DA478_1001 .array/port v012DA478, 1001;
v012DA478_1002 .array/port v012DA478, 1002;
E_012D91F0/250 .event edge, v012DA478_999, v012DA478_1000, v012DA478_1001, v012DA478_1002;
v012DA478_1003 .array/port v012DA478, 1003;
v012DA478_1004 .array/port v012DA478, 1004;
v012DA478_1005 .array/port v012DA478, 1005;
v012DA478_1006 .array/port v012DA478, 1006;
E_012D91F0/251 .event edge, v012DA478_1003, v012DA478_1004, v012DA478_1005, v012DA478_1006;
v012DA478_1007 .array/port v012DA478, 1007;
v012DA478_1008 .array/port v012DA478, 1008;
v012DA478_1009 .array/port v012DA478, 1009;
v012DA478_1010 .array/port v012DA478, 1010;
E_012D91F0/252 .event edge, v012DA478_1007, v012DA478_1008, v012DA478_1009, v012DA478_1010;
v012DA478_1011 .array/port v012DA478, 1011;
v012DA478_1012 .array/port v012DA478, 1012;
v012DA478_1013 .array/port v012DA478, 1013;
v012DA478_1014 .array/port v012DA478, 1014;
E_012D91F0/253 .event edge, v012DA478_1011, v012DA478_1012, v012DA478_1013, v012DA478_1014;
v012DA478_1015 .array/port v012DA478, 1015;
v012DA478_1016 .array/port v012DA478, 1016;
v012DA478_1017 .array/port v012DA478, 1017;
v012DA478_1018 .array/port v012DA478, 1018;
E_012D91F0/254 .event edge, v012DA478_1015, v012DA478_1016, v012DA478_1017, v012DA478_1018;
v012DA478_1019 .array/port v012DA478, 1019;
v012DA478_1020 .array/port v012DA478, 1020;
v012DA478_1021 .array/port v012DA478, 1021;
v012DA478_1022 .array/port v012DA478, 1022;
E_012D91F0/255 .event edge, v012DA478_1019, v012DA478_1020, v012DA478_1021, v012DA478_1022;
v012DA478_1023 .array/port v012DA478, 1023;
E_012D91F0/256 .event edge, v012DA478_1023;
E_012D91F0 .event/or E_012D91F0/0, E_012D91F0/1, E_012D91F0/2, E_012D91F0/3, E_012D91F0/4, E_012D91F0/5, E_012D91F0/6, E_012D91F0/7, E_012D91F0/8, E_012D91F0/9, E_012D91F0/10, E_012D91F0/11, E_012D91F0/12, E_012D91F0/13, E_012D91F0/14, E_012D91F0/15, E_012D91F0/16, E_012D91F0/17, E_012D91F0/18, E_012D91F0/19, E_012D91F0/20, E_012D91F0/21, E_012D91F0/22, E_012D91F0/23, E_012D91F0/24, E_012D91F0/25, E_012D91F0/26, E_012D91F0/27, E_012D91F0/28, E_012D91F0/29, E_012D91F0/30, E_012D91F0/31, E_012D91F0/32, E_012D91F0/33, E_012D91F0/34, E_012D91F0/35, E_012D91F0/36, E_012D91F0/37, E_012D91F0/38, E_012D91F0/39, E_012D91F0/40, E_012D91F0/41, E_012D91F0/42, E_012D91F0/43, E_012D91F0/44, E_012D91F0/45, E_012D91F0/46, E_012D91F0/47, E_012D91F0/48, E_012D91F0/49, E_012D91F0/50, E_012D91F0/51, E_012D91F0/52, E_012D91F0/53, E_012D91F0/54, E_012D91F0/55, E_012D91F0/56, E_012D91F0/57, E_012D91F0/58, E_012D91F0/59, E_012D91F0/60, E_012D91F0/61, E_012D91F0/62, E_012D91F0/63, E_012D91F0/64, E_012D91F0/65, E_012D91F0/66, E_012D91F0/67, E_012D91F0/68, E_012D91F0/69, E_012D91F0/70, E_012D91F0/71, E_012D91F0/72, E_012D91F0/73, E_012D91F0/74, E_012D91F0/75, E_012D91F0/76, E_012D91F0/77, E_012D91F0/78, E_012D91F0/79, E_012D91F0/80, E_012D91F0/81, E_012D91F0/82, E_012D91F0/83, E_012D91F0/84, E_012D91F0/85, E_012D91F0/86, E_012D91F0/87, E_012D91F0/88, E_012D91F0/89, E_012D91F0/90, E_012D91F0/91, E_012D91F0/92, E_012D91F0/93, E_012D91F0/94, E_012D91F0/95, E_012D91F0/96, E_012D91F0/97, E_012D91F0/98, E_012D91F0/99, E_012D91F0/100, E_012D91F0/101, E_012D91F0/102, E_012D91F0/103, E_012D91F0/104, E_012D91F0/105, E_012D91F0/106, E_012D91F0/107, E_012D91F0/108, E_012D91F0/109, E_012D91F0/110, E_012D91F0/111, E_012D91F0/112, E_012D91F0/113, E_012D91F0/114, E_012D91F0/115, E_012D91F0/116, E_012D91F0/117, E_012D91F0/118, E_012D91F0/119, E_012D91F0/120, E_012D91F0/121, E_012D91F0/122, E_012D91F0/123, E_012D91F0/124, E_012D91F0/125, E_012D91F0/126, E_012D91F0/127, E_012D91F0/128, E_012D91F0/129, E_012D91F0/130, E_012D91F0/131, E_012D91F0/132, E_012D91F0/133, E_012D91F0/134, E_012D91F0/135, E_012D91F0/136, E_012D91F0/137, E_012D91F0/138, E_012D91F0/139, E_012D91F0/140, E_012D91F0/141, E_012D91F0/142, E_012D91F0/143, E_012D91F0/144, E_012D91F0/145, E_012D91F0/146, E_012D91F0/147, E_012D91F0/148, E_012D91F0/149, E_012D91F0/150, E_012D91F0/151, E_012D91F0/152, E_012D91F0/153, E_012D91F0/154, E_012D91F0/155, E_012D91F0/156, E_012D91F0/157, E_012D91F0/158, E_012D91F0/159, E_012D91F0/160, E_012D91F0/161, E_012D91F0/162, E_012D91F0/163, E_012D91F0/164, E_012D91F0/165, E_012D91F0/166, E_012D91F0/167, E_012D91F0/168, E_012D91F0/169, E_012D91F0/170, E_012D91F0/171, E_012D91F0/172, E_012D91F0/173, E_012D91F0/174, E_012D91F0/175, E_012D91F0/176, E_012D91F0/177, E_012D91F0/178, E_012D91F0/179, E_012D91F0/180, E_012D91F0/181, E_012D91F0/182, E_012D91F0/183, E_012D91F0/184, E_012D91F0/185, E_012D91F0/186, E_012D91F0/187, E_012D91F0/188, E_012D91F0/189, E_012D91F0/190, E_012D91F0/191, E_012D91F0/192, E_012D91F0/193, E_012D91F0/194, E_012D91F0/195, E_012D91F0/196, E_012D91F0/197, E_012D91F0/198, E_012D91F0/199, E_012D91F0/200, E_012D91F0/201, E_012D91F0/202, E_012D91F0/203, E_012D91F0/204, E_012D91F0/205, E_012D91F0/206, E_012D91F0/207, E_012D91F0/208, E_012D91F0/209, E_012D91F0/210, E_012D91F0/211, E_012D91F0/212, E_012D91F0/213, E_012D91F0/214, E_012D91F0/215, E_012D91F0/216, E_012D91F0/217, E_012D91F0/218, E_012D91F0/219, E_012D91F0/220, E_012D91F0/221, E_012D91F0/222, E_012D91F0/223, E_012D91F0/224, E_012D91F0/225, E_012D91F0/226, E_012D91F0/227, E_012D91F0/228, E_012D91F0/229, E_012D91F0/230, E_012D91F0/231, E_012D91F0/232, E_012D91F0/233, E_012D91F0/234, E_012D91F0/235, E_012D91F0/236, E_012D91F0/237, E_012D91F0/238, E_012D91F0/239, E_012D91F0/240, E_012D91F0/241, E_012D91F0/242, E_012D91F0/243, E_012D91F0/244, E_012D91F0/245, E_012D91F0/246, E_012D91F0/247, E_012D91F0/248, E_012D91F0/249, E_012D91F0/250, E_012D91F0/251, E_012D91F0/252, E_012D91F0/253, E_012D91F0/254, E_012D91F0/255, E_012D91F0/256;
    .scope S_012D7C80;
T_0 ;
    %wait E_012D91B0;
    %load/v 8, v012D32A0_0, 1;
    %jmp/0xz  T_0.0, 8;
    %load/v 8, v01133330_0, 32;
    %set/v v011333E0_0, 8, 32;
    %jmp T_0.1;
T_0.0 ;
    %load/v 8, v012D31F0_0, 1;
    %jmp/0xz  T_0.2, 8;
    %load/v 8, v012D3248_0, 32;
    %set/v v011333E0_0, 8, 32;
    %jmp T_0.3;
T_0.2 ;
    %load/v 8, v012DB8D8_0, 1;
    %jmp/0xz  T_0.4, 8;
    %load/v 8, v01126D88_0, 32;
    %set/v v011333E0_0, 8, 32;
    %jmp T_0.5;
T_0.4 ;
    %ix/load 0, 4, 0;
    %load/vp0 8, v01133388_0, 32;
    %set/v v011333E0_0, 8, 32;
T_0.5 ;
T_0.3 ;
T_0.1 ;
    %jmp T_0;
    .thread T_0, $push;
    .scope S_012D7C80;
T_1 ;
    %wait E_012D8ED0;
    %load/v 8, v012DCF48_0, 1;
    %jmp/0xz  T_1.0, 8;
    %ix/load 0, 32, 0;
    %assign/v0 v01133388_0, 0, 0;
    %jmp T_1.1;
T_1.0 ;
    %load/v 8, v011333E0_0, 32;
    %ix/load 0, 32, 0;
    %assign/v0 v01133388_0, 0, 8;
T_1.1 ;
    %jmp T_1;
    .thread T_1;
    .scope S_012D82E0;
T_2 ;
    %vpi_call 4 9 "$readmemh", "instructions.hex", v012DA478;
    %end;
    .thread T_2;
    .scope S_012D82E0;
T_3 ;
    %wait E_012D91F0;
    %ix/load 1, 2, 0;
    %mov 4, 0, 1;
    %jmp/1 T_3.0, 4;
    %load/x1p 40, v012DB880_0, 10;
    %jmp T_3.1;
T_3.0 ;
    %mov 40, 2, 10;
T_3.1 ;
; Save base=40 wid=10 in lookaside.
    %ix/get 3, 40, 10;
    %load/av 8, v012DA478, 32;
    %set/v v01126CC8_0, 8, 32;
    %jmp T_3;
    .thread T_3, $push;
    .scope S_012D7B70;
T_4 ;
    %delay 5000, 0;
    %load/v 8, v01129D58_0, 1;
    %inv 8, 1;
    %set/v v01129D58_0, 8, 1;
    %jmp T_4;
    .thread T_4;
    .scope S_012D7B70;
T_5 ;
    %vpi_call 2 38 "$dumpvars", 1'sb0, S_012D7B70;
    %vpi_call 2 39 "$dumpfile", "tb_pc_imem.vcd";
    %vpi_call 2 40 "$display", "Starting PC + Instruction Memory Testbench...";
    %set/v v01129D58_0, 0, 1;
    %set/v v01175A10_0, 1, 1;
    %set/v v01129E08_0, 0, 1;
    %set/v v01175CD0_0, 0, 1;
    %set/v v012DCFA0_0, 0, 1;
    %set/v v011758B0_0, 0, 32;
    %set/v v01175960_0, 0, 32;
    %set/v v012DCFF8_0, 0, 32;
    %delay 20000, 0;
    %set/v v01175A10_0, 0, 1;
    %movi 8, 5, 4;
T_5.0 %cmp/s 0, 8, 4;
    %jmp/0xz T_5.1, 5;
    %add 8, 1, 4;
    %wait E_012D9130;
    %vpi_call 2 58 "$display", "Cycle %0d | PC = %h | INSTR = %h", $time, v011759B8_0, v01129DB0_0;
    %jmp T_5.0;
T_5.1 ;
    %wait E_012D9130;
    %set/v v01129E08_0, 1, 1;
    %movi 8, 64, 32;
    %set/v v011758B0_0, 8, 32;
    %wait E_012D9130;
    %set/v v01129E08_0, 0, 1;
    %vpi_call 2 69 "$display", "After JAL | PC = %h | INSTR = %h", v011759B8_0, v01129DB0_0;
    %movi 8, 3, 3;
T_5.2 %cmp/s 0, 8, 3;
    %jmp/0xz T_5.3, 5;
    %add 8, 1, 3;
    %wait E_012D9130;
    %vpi_call 2 74 "$display", "Cycle %0d | PC = %h | INSTR = %h", $time, v011759B8_0, v01129DB0_0;
    %jmp T_5.2;
T_5.3 ;
    %wait E_012D9130;
    %set/v v01175CD0_0, 1, 1;
    %movi 8, 128, 32;
    %set/v v01175960_0, 8, 32;
    %wait E_012D9130;
    %set/v v01175CD0_0, 0, 1;
    %vpi_call 2 85 "$display", "After JALR | PC = %h | INSTR = %h", v011759B8_0, v01129DB0_0;
    %movi 8, 3, 3;
T_5.4 %cmp/s 0, 8, 3;
    %jmp/0xz T_5.5, 5;
    %add 8, 1, 3;
    %wait E_012D9130;
    %vpi_call 2 90 "$display", "Cycle %0d | PC = %h | INSTR = %h", $time, v011759B8_0, v01129DB0_0;
    %jmp T_5.4;
T_5.5 ;
    %vpi_call 2 94 "$display", "Testbench Completed.";
    %vpi_call 2 95 "$finish";
    %end;
    .thread T_5;
# The file index is used to find the file name in the following table.
:file_names 5;
    "N/A";
    "<interactive>";
    "testbench.v";
    "programcounter.v";
    "instruction_memory.v";
